<?xml version="1.0" encoding="utf-8"?><testsuites name="pytest tests"><testsuite name="pytest" errors="0" failures="1" skipped="0" tests="1" time="0.536" timestamp="2026-05-22T16:14:00.455109+05:00" hostname="WIN-T9HMN0FRTB7"><testcase classname="app.tests.CatalogAPITests" name="test_catalog_returns_filtered_sorted_products" file="app\tests.py" line="131" time="0.211"><failure message="KeyError: 'name'">self = &lt;app.tests.CatalogAPITests testMethod=test_catalog_returns_filtered_sorted_products&gt;

    def test_catalog_returns_filtered_sorted_products(self):
        """
        Happy path: фильтрация по категории и бренду + сортировка по цене.
        Проверяет, что B2C корректно проксирует запрос к B2B и трансформирует ответ.
        """
        # Подготовка мока для B2BClient.get_public_products
        with patch.object(B2BClient, 'get_public_products') as mock_b2b:
            mock_b2b.return_value = self.mock_b2b_products_response
    
            # Запрос с фильтрами и сортировкой
            url = reverse('app:products-list')  # /api/v1/catalog/products
            response = self.client.get(url, {
                'filter[category_id]': self.category_id,
                'filter[brand]': 'Apple',
                'filter[price_min]': '10000',
                'filter[price_max]': '15000000',
                'sort': 'price_asc',
                'limit': 20,
                'offset': 0,
                'q': 'iphone'
            })
    
            # Assert: статус и структура ответа
            self.assertEqual(response.status_code, status.HTTP_200_OK)
            data = response.json()
    
            self.assertIn('items', data)
            self.assertIn('total_count', data)
            self.assertIn('limit', data)
            self.assertIn('offset', data)
    
            self.assertEqual(data['total_count'], 2)
            self.assertEqual(data['limit'], 5)
            self.assertEqual(data['offset'], 0)
            self.assertEqual(len(data['items']), 2)
    
            # Assert: трансформация полей B2B → B2C
            product = data['items'][0]
            print(product)
            self.assertEqual(product['id'], self.product_id)
&gt;           self.assertEqual(product['name'], 'iPhone 15 Pro Max')  # B2B: title → B2C: name
                             ^^^^^^^^^^^^^^^
E           KeyError: 'name'

app\tests.py:172: KeyError</failure><system-out>--------------------------------- Captured Log ---------------------------------

--------------------------------- Captured Out ---------------------------------
{'id': '770e8400-e29b-41d4-a716-446655440002', 'title': 'iPhone 15 Pro Max', 'slug': 'iphone-15-pro-max', 'category_id': '123e4567-e89b-12d3-a456-426614174001', 'seller_id': 'seller-uuid', 'images': [{'id': 'img-1', 'url': 'https://cdn.neomarket.ru/iphone15.jpg', 'ordering': 0}], 'skus': [{'id': 'sku-1', 'name': '256GB Black', 'price': 12999000, 'discount': 0, 'active_quantity': 5, 'stock_quantity': 10, 'article': 'APL-IP15PM-256-BLK', 'images': [], 'characteristics': []}, {'id': 'sku-3', 'name': '256GB Red', 'price': 12999000, 'discount': 0, 'active_quantity': 5, 'stock_quantity': 10, 'article': 'APL-IP15PM-256-RED', 'images': [], 'characteristics': []}], 'characteristics': [{'id': 'char-1', 'name': 'Бренд', 'value': 'Apple'}], 'status': 'MODERATED', 'created_at': '2024-01-01T00:00:00Z', 'updated_at': '2024-01-01T00:00:00Z'}

</system-out><system-err>--------------------------------- Captured Err ---------------------------------

</system-err></testcase></testsuite></testsuites>