<?xml version="1.0" encoding="utf-8"?><testsuites name="pytest tests"><testsuite name="pytest" errors="0" failures="1" skipped="0" tests="4" time="0.570" timestamp="2026-06-05T17:06:17.139800+05:00" hostname="WIN-T9HMN0FRTB7"><testcase classname="app.tests.ProductDetailAPITests" name="test_blocked_product_returns_404" file="app\tests.py" line="603" time="0.227"><system-out>--------------------------------- Captured Log ---------------------------------
WARNING  django.request:log.py:253 Not Found: /api/v1/catalog/products/fc0b33bd-4f37-40fb-aa87-4ae857091ed4
--------------------------------- Captured Out ---------------------------------
111

</system-out><system-err>--------------------------------- Captured Err ---------------------------------

</system-err></testcase><testcase classname="app.tests.ProductDetailAPITests" name="test_cost_price_absent_in_response" file="app\tests.py" line="590" time="0.002"><system-out>--------------------------------- Captured Log ---------------------------------

--------------------------------- Captured Out ---------------------------------
111

</system-out><system-err>--------------------------------- Captured Err ---------------------------------

</system-err></testcase><testcase classname="app.tests.ProductDetailAPITests" name="test_product_card_returns_full_data_with_skus" file="app\tests.py" line="564" time="0.002"><system-out>--------------------------------- Captured Log ---------------------------------

--------------------------------- Captured Out ---------------------------------
111

</system-out><system-err>--------------------------------- Captured Err ---------------------------------

</system-err></testcase><testcase classname="app.tests.ProductDetailAPITests" name="test_string_url_works" file="app\tests.py" line="687" time="0.010"><failure message="AssertionError: 404 != 200">self = &lt;app.tests.ProductDetailAPITests testMethod=test_string_url_works&gt;

    def test_string_url_works(self):
        with patch.object(B2BClient, '_call_b2b') as mock_b2b:
            mock_b2b.return_value = self.mock_b2b_product_data_response
            url = f'{settings.B2B_BASE_URL}/api/v1/products/{self.product_id}'
            response = self.client.get(url)
    
&gt;           self.assertEqual(response.status_code, status.HTTP_200_OK)
E           AssertionError: 404 != 200

app\tests.py:694: AssertionError</failure><system-out>--------------------------------- Captured Log ---------------------------------
WARNING  django.request:log.py:253 Not Found: /api/v1/products/37960b8b-c7ff-4a5e-9e16-ab53fbc52096
--------------------------------- Captured Out ---------------------------------

</system-out><system-err>--------------------------------- Captured Err ---------------------------------

</system-err></testcase></testsuite></testsuites>