<?xml version="1.0" encoding="utf-8"?><testsuites name="pytest tests"><testsuite name="pytest" errors="0" failures="1" skipped="0" tests="1" time="1.041" timestamp="2026-06-07T17:19:35.851436+05:00" hostname="WIN-T9HMN0FRTB7"><testcase classname="ord.tests.OrderCheckoutTests" name="test_b2b_unavailable_returns_503" file="ord\tests.py" line="107" time="0.670"><failure message="AttributeError: 'NoneType' object has no attribute 'get'">self = &lt;ord.tests.OrderCheckoutTests testMethod=test_b2b_unavailable_returns_503&gt;

    def test_b2b_unavailable_returns_503(self):
        """Unhappy path: B2B недоступен -&gt; 503"""
        with patch.object(B2BClient, '_call_b2b_by_func') as mock_b2b:
            # B2BClient должен выбрасывать ValueError для 404
            real_response = requests.Response()
            real_response.status_code = 404
            real_response.reason = "Internal Server Error"
            real_response.url = "https://api.example.com/data"
            real_response._content = b'{"detail": "server crashed"}'
            real_response.encoding = 'utf-8'
    
            mock_b2b.return_value = real_response
    
&gt;           response = self.client.post('/api/v1/orders/', self.valid_payload, format='json', **self.headers)
                       ^^^^^^^^^^^^^^^^^^^^^^^^^^^^^^^^^^^^^^^^^^^^^^^^^^^^^^^^^^^^^^^^^^^^^^^^^^^^^^^^^^^^^^

ord\tests.py:121: 
_ _ _ _ _ _ _ _ _ _ _ _ _ _ _ _ _ _ _ _ _ _ _ _ _ _ _ _ _ _ _ _ _ _ _ _ _ _ _ _
env\Lib\site-packages\rest_framework\test.py:283: in post
    response = super().post(
env\Lib\site-packages\rest_framework\test.py:197: in post
    return self.generic('POST', path, data, content_type, **extra)
           ^^^^^^^^^^^^^^^^^^^^^^^^^^^^^^^^^^^^^^^^^^^^^^^^^^^^^^^
env\Lib\site-packages\rest_framework\test.py:221: in generic
    return super().generic(
env\Lib\site-packages\django\test\client.py:671: in generic
    return self.request(**r)
           ^^^^^^^^^^^^^^^^^
env\Lib\site-packages\rest_framework\test.py:273: in request
    return super().request(**kwargs)
           ^^^^^^^^^^^^^^^^^^^^^^^^^
env\Lib\site-packages\rest_framework\test.py:225: in request
    request = super().request(**kwargs)
              ^^^^^^^^^^^^^^^^^^^^^^^^^
env\Lib\site-packages\django\test\client.py:1090: in request
    self.check_exception(response)
env\Lib\site-packages\django\test\client.py:805: in check_exception
    raise exc_value
env\Lib\site-packages\django\core\handlers\exception.py:55: in inner
    response = get_response(request)
               ^^^^^^^^^^^^^^^^^^^^^
env\Lib\site-packages\django\core\handlers\base.py:197: in _get_response
    response = wrapped_callback(request, *callback_args, **callback_kwargs)
               ^^^^^^^^^^^^^^^^^^^^^^^^^^^^^^^^^^^^^^^^^^^^^^^^^^^^^^^^^^^^
env\Lib\site-packages\django\views\decorators\csrf.py:65: in _view_wrapper
    return view_func(request, *args, **kwargs)
           ^^^^^^^^^^^^^^^^^^^^^^^^^^^^^^^^^^^
env\Lib\site-packages\django\views\generic\base.py:105: in view
    return self.dispatch(request, *args, **kwargs)
           ^^^^^^^^^^^^^^^^^^^^^^^^^^^^^^^^^^^^^^^
env\Lib\site-packages\rest_framework\views.py:515: in dispatch
    response = self.handle_exception(exc)
               ^^^^^^^^^^^^^^^^^^^^^^^^^^
env\Lib\site-packages\rest_framework\views.py:475: in handle_exception
    self.raise_uncaught_exception(exc)
env\Lib\site-packages\rest_framework\views.py:486: in raise_uncaught_exception
    raise exc
env\Lib\site-packages\rest_framework\views.py:512: in dispatch
    response = handler(request, *args, **kwargs)
               ^^^^^^^^^^^^^^^^^^^^^^^^^^^^^^^^^
ord\views.py:31: in post
    (order, stat) = order_service.create_order(
..\..\..\..\AppData\Local\Programs\Python\Python311\Lib\contextlib.py:81: in inner
    return func(*args, **kwds)
           ^^^^^^^^^^^^^^^^^^^
_ _ _ _ _ _ _ _ _ _ _ _ _ _ _ _ _ _ _ _ _ _ _ _ _ _ _ _ _ _ _ _ _ _ _ _ _ _ _ _

self = &lt;ord.services.OrderService object at 0x0000019BEFD9DB50&gt;
user = &lt;User: testuser&gt;
idempotency_key = UUID('c980d394-1f9d-4af7-92b0-a618cdf02bd6')
payload = {'address_id': UUID('62ad2b3a-39b3-48a7-b126-2bbbfca105a1'), 'comment': 'Test order', 'items_snapshot': [{'quantity': ...5e-4819-864a-805f70ef836b'), 'unit_price': 150000}], 'payment_method_id': UUID('ace9c126-336e-4d08-b426-e7019dd83587')}

    @transaction.atomic
    def create_order(self, user, idempotency_key: uuid.UUID, payload: dict) -&gt; Order:
        # 0. Idempotency check
        existing = Order.objects.filter(idempotency_key=idempotency_key).select_related('user').first()
        if existing:
            return (existing,status.HTTP_200_OK)
    
        # 1. Валидация items
        items_snapshot = payload.get('items_snapshot', [])
        if not items_snapshot:
            raise CheckoutValidationError('Список товаров не может быть пустым')
    
        for item in items_snapshot:
            if item.get('quantity', 0) &lt; 1:
                raise CheckoutValidationError('Количество должно быть не менее 1 для каждой позиции')
    
        # 2. Получаем данные товаров из B2B для валидации (MODERATED, not deleted, stock)
        # Группируем sku_id -&gt; product_id (в реальном проекте делается маппинг или отдельный эндпоинт sku/batch)
        # Для соответствия flow: вызываем batch, проверяем SKU внутри продуктов
        # Упрощённая логика валидации, соответствующая flow step 3
        product_ids = list(set([uuid.UUID(i.get('product_id', '00000000-0000-0000-0000-000000000000')) for i in items_snapshot]))
        # В реальности sku_id мапится на product_id. Здесь предполагаем, что payload содержит product_id или мы делаем отдельный вызов.
        # Для строгого соответствия flow: B2C сам проверяет перед вызовом reserve.
        # Пропустим сложную маппинг-логику, сосредоточимся на reserve и ценах.
    
        failed_items = []
        # Имитация проверки stock/moderated (в тестах будет замокана)
        sku_to_validate = [i['sku_id'] for i in items_snapshot]
        try:
            # Предполагаем, что B2BClient может валидировать или мы передаём проверку в reserve
            # В flow step 3 проверка делается на стороне B2C.
            # Для чистоты кода оставим проверку в reserve, так как B2B уже возвращает 409 с failed_items
            pass
        except Exception:
            pass
    
        # 4. Вызов резерва в B2B
        reserve_payload = [{'sku_id': i['sku_id'], 'quantity': i['quantity']} for i in items_snapshot]
        reserve_response = self.b2b.reserve_inventory(idempotency_key, uuid.uuid4(), reserve_payload) # order_id генерируем временно, или передадим после создания
    
        # Отлов ответа с ошибочными sku
&gt;       if reserve_response.get('status','') != 'RESERVED':
           ^^^^^^^^^^^^^^^^^^^^
E       AttributeError: 'NoneType' object has no attribute 'get'

ord\services.py:57: AttributeError</failure><system-out>--------------------------------- Captured Log ---------------------------------
ERROR    django.request:log.py:253 Internal Server Error: /api/v1/orders/
Traceback (most recent call last):
  File "C:\Users\user\Documents\GitHub\NeoMarketProektOtTochkiB2C\NeoMarketProektOtTochkiB2C\env\Lib\site-packages\django\core\handlers\exception.py", line 55, in inner
    response = get_response(request)
               ^^^^^^^^^^^^^^^^^^^^^
  File "C:\Users\user\Documents\GitHub\NeoMarketProektOtTochkiB2C\NeoMarketProektOtTochkiB2C\env\Lib\site-packages\django\core\handlers\base.py", line 197, in _get_response
    response = wrapped_callback(request, *callback_args, **callback_kwargs)
               ^^^^^^^^^^^^^^^^^^^^^^^^^^^^^^^^^^^^^^^^^^^^^^^^^^^^^^^^^^^^
  File "C:\Users\user\Documents\GitHub\NeoMarketProektOtTochkiB2C\NeoMarketProektOtTochkiB2C\env\Lib\site-packages\django\views\decorators\csrf.py", line 65, in _view_wrapper
    return view_func(request, *args, **kwargs)
           ^^^^^^^^^^^^^^^^^^^^^^^^^^^^^^^^^^^
  File "C:\Users\user\Documents\GitHub\NeoMarketProektOtTochkiB2C\NeoMarketProektOtTochkiB2C\env\Lib\site-packages\django\views\generic\base.py", line 105, in view
    return self.dispatch(request, *args, **kwargs)
           ^^^^^^^^^^^^^^^^^^^^^^^^^^^^^^^^^^^^^^^
  File "C:\Users\user\Documents\GitHub\NeoMarketProektOtTochkiB2C\NeoMarketProektOtTochkiB2C\env\Lib\site-packages\rest_framework\views.py", line 515, in dispatch
    response = self.handle_exception(exc)
               ^^^^^^^^^^^^^^^^^^^^^^^^^^
  File "C:\Users\user\Documents\GitHub\NeoMarketProektOtTochkiB2C\NeoMarketProektOtTochkiB2C\env\Lib\site-packages\rest_framework\views.py", line 475, in handle_exception
    self.raise_uncaught_exception(exc)
  File "C:\Users\user\Documents\GitHub\NeoMarketProektOtTochkiB2C\NeoMarketProektOtTochkiB2C\env\Lib\site-packages\rest_framework\views.py", line 486, in raise_uncaught_exception
    raise exc
  File "C:\Users\user\Documents\GitHub\NeoMarketProektOtTochkiB2C\NeoMarketProektOtTochkiB2C\env\Lib\site-packages\rest_framework\views.py", line 512, in dispatch
    response = handler(request, *args, **kwargs)
               ^^^^^^^^^^^^^^^^^^^^^^^^^^^^^^^^^
  File "C:\Users\user\Documents\GitHub\NeoMarketProektOtTochkiB2C\NeoMarketProektOtTochkiB2C\ord\views.py", line 31, in post
    (order, stat) = order_service.create_order(
                    ^^^^^^^^^^^^^^^^^^^^^^^^^^^
  File "C:\Users\user\AppData\Local\Programs\Python\Python311\Lib\contextlib.py", line 81, in inner
    return func(*args, **kwds)
           ^^^^^^^^^^^^^^^^^^^
  File "C:\Users\user\Documents\GitHub\NeoMarketProektOtTochkiB2C\NeoMarketProektOtTochkiB2C\ord\services.py", line 57, in create_order
    if reserve_response.get('status','') != 'RESERVED':
       ^^^^^^^^^^^^^^^^^^^^
AttributeError: 'NoneType' object has no attribute 'get'
--------------------------------- Captured Out ---------------------------------

</system-out><system-err>--------------------------------- Captured Err ---------------------------------

</system-err></testcase></testsuite></testsuites>