<?xml version="1.0" encoding="utf-8"?><testsuites name="pytest tests"><testsuite name="pytest" errors="0" failures="1" skipped="0" tests="1" time="0.665" timestamp="2026-06-01T19:32:34.034141+05:00" hostname="WIN-T9HMN0FRTB7"><testcase classname="app.tests.ProductDetailAPITests" name="test_cost_price_absent_in_response" file="app\tests.py" line="588" time="0.234"><failure message="AssertionError: 500 != 200">self = &lt;app.tests.ProductDetailAPITests testMethod=test_cost_price_absent_in_response&gt;

    def test_cost_price_absent_in_response(self):
        with patch.object(B2BClient, '_call_b2b') as mock_b2b:
            mock_b2b.return_value = self.mock_b2b_product_data_response
            url = reverse('app:product_detail',kwargs={'id':self.product_id})
            response = self.client.get(url)
    
&gt;           self.assertEqual(response.status_code, status.HTTP_200_OK)
E           AssertionError: 500 != 200

app\tests.py:595: AssertionError</failure><system-out>--------------------------------- Captured Log ---------------------------------
ERROR    django.request:log.py:253 Internal Server Error: /api/v1/catalog/products/{770e8400-e29b-41d4-a716-446655440002}/
--------------------------------- Captured Out ---------------------------------
222
B2BClient._transform_sku() takes 1 positional argument but 2 were given

</system-out><system-err>--------------------------------- Captured Err ---------------------------------

</system-err></testcase></testsuite></testsuites>