<?xml version="1.0" encoding="utf-8"?><testsuites name="pytest tests"><testsuite name="pytest" errors="0" failures="2" skipped="0" tests="3" time="0.574" timestamp="2026-06-01T19:25:36.183614+05:00" hostname="WIN-T9HMN0FRTB7"><testcase classname="app.tests.ProductDetailAPITests" name="test_blocked_product_returns_404" file="app\tests.py" line="601" time="0.222"><system-out>--------------------------------- Captured Log ---------------------------------
WARNING  django.request:log.py:253 Not Found: /api/v1/catalog/products/{770e8400-e29b-41d4-a716-446655440002}/
--------------------------------- Captured Out ---------------------------------

</system-out><system-err>--------------------------------- Captured Err ---------------------------------

</system-err></testcase><testcase classname="app.tests.ProductDetailAPITests" name="test_cost_price_absent_in_response" file="app\tests.py" line="588" time="0.003"><failure message="AssertionError: 500 != 200">self = &lt;app.tests.ProductDetailAPITests testMethod=test_cost_price_absent_in_response&gt;

    def test_cost_price_absent_in_response(self):
        with patch.object(B2BClient, '_call_b2b') as mock_b2b:
            mock_b2b.return_value = self.mock_b2b_product_data_response
            url = reverse('app:product_detail',kwargs={'id':self.product_id})
            response = self.client.get(url)
    
&gt;           self.assertEqual(response.status_code, status.HTTP_200_OK)
E           AssertionError: 500 != 200

app\tests.py:595: AssertionError</failure><system-out>--------------------------------- Captured Log ---------------------------------
ERROR    django.request:log.py:253 Internal Server Error: /api/v1/catalog/products/{770e8400-e29b-41d4-a716-446655440002}/
--------------------------------- Captured Out ---------------------------------

</system-out><system-err>--------------------------------- Captured Err ---------------------------------

</system-err></testcase><testcase classname="app.tests.ProductDetailAPITests" name="test_product_card_returns_full_data_with_skus" file="app\tests.py" line="562" time="0.003"><failure message="AssertionError: 500 != 200">self = &lt;app.tests.ProductDetailAPITests testMethod=test_product_card_returns_full_data_with_skus&gt;

    def test_product_card_returns_full_data_with_skus(self):
        with patch.object(B2BClient, '_call_b2b') as mock_b2b:
            mock_b2b.return_value = self.mock_b2b_product_data_response
            url = reverse('app:product_detail',kwargs={'id':self.product_id})
            response = self.client.get(url)
    
&gt;           self.assertEqual(response.status_code, status.HTTP_200_OK)
E           AssertionError: 500 != 200

app\tests.py:569: AssertionError</failure><system-out>--------------------------------- Captured Log ---------------------------------
ERROR    django.request:log.py:253 Internal Server Error: /api/v1/catalog/products/{770e8400-e29b-41d4-a716-446655440002}/
--------------------------------- Captured Out ---------------------------------

</system-out><system-err>--------------------------------- Captured Err ---------------------------------

</system-err></testcase></testsuite></testsuites>