<?xml version="1.0" encoding="utf-8"?><testsuites name="pytest tests"><testsuite name="pytest" errors="0" failures="1" skipped="0" tests="4" time="2.328" timestamp="2026-06-05T22:04:47.349262+05:00" hostname="WIN-T9HMN0FRTB7"><testcase classname="ord.tests.OrderCheckoutTests" name="test_b2b_unavailable_returns_503" file="ord\tests.py" line="72" time="0.672"><failure message="requests.exceptions.HTTPError: 404 Client Error: Internal Server Error for url: https://api.example.com/data">self = &lt;ord.tests.OrderCheckoutTests testMethod=test_b2b_unavailable_returns_503&gt;

    def test_b2b_unavailable_returns_503(self):
        """Unhappy path: B2B недоступен -&gt; 503"""
        with patch.object(B2BClient, '_call_b2b_by_func') as mock_b2b:
            # B2BClient должен выбрасывать ValueError для 404
            real_response = requests.Response()
            real_response.status_code = 404
            real_response.reason = "Internal Server Error"
            real_response.url = "https://api.example.com/data"
            real_response._content = b'{"detail": "server crashed"}'
            real_response.encoding = 'utf-8'
    
            mock_b2b.return_value = real_response
    
&gt;           response = self.client.post('/api/v1/orders/', self.valid_payload, format='json', **self.headers)
                       ^^^^^^^^^^^^^^^^^^^^^^^^^^^^^^^^^^^^^^^^^^^^^^^^^^^^^^^^^^^^^^^^^^^^^^^^^^^^^^^^^^^^^^

ord\tests.py:86: 
_ _ _ _ _ _ _ _ _ _ _ _ _ _ _ _ _ _ _ _ _ _ _ _ _ _ _ _ _ _ _ _ _ _ _ _ _ _ _ _
env\Lib\site-packages\rest_framework\test.py:283: in post
    response = super().post(
env\Lib\site-packages\rest_framework\test.py:197: in post
    return self.generic('POST', path, data, content_type, **extra)
           ^^^^^^^^^^^^^^^^^^^^^^^^^^^^^^^^^^^^^^^^^^^^^^^^^^^^^^^
env\Lib\site-packages\rest_framework\test.py:221: in generic
    return super().generic(
env\Lib\site-packages\django\test\client.py:671: in generic
    return self.request(**r)
           ^^^^^^^^^^^^^^^^^
env\Lib\site-packages\rest_framework\test.py:273: in request
    return super().request(**kwargs)
           ^^^^^^^^^^^^^^^^^^^^^^^^^
env\Lib\site-packages\rest_framework\test.py:225: in request
    request = super().request(**kwargs)
              ^^^^^^^^^^^^^^^^^^^^^^^^^
env\Lib\site-packages\django\test\client.py:1090: in request
    self.check_exception(response)
env\Lib\site-packages\django\test\client.py:805: in check_exception
    raise exc_value
env\Lib\site-packages\django\core\handlers\exception.py:55: in inner
    response = get_response(request)
               ^^^^^^^^^^^^^^^^^^^^^
env\Lib\site-packages\django\core\handlers\base.py:197: in _get_response
    response = wrapped_callback(request, *callback_args, **callback_kwargs)
               ^^^^^^^^^^^^^^^^^^^^^^^^^^^^^^^^^^^^^^^^^^^^^^^^^^^^^^^^^^^^
env\Lib\site-packages\django\views\decorators\csrf.py:65: in _view_wrapper
    return view_func(request, *args, **kwargs)
           ^^^^^^^^^^^^^^^^^^^^^^^^^^^^^^^^^^^
env\Lib\site-packages\django\views\generic\base.py:105: in view
    return self.dispatch(request, *args, **kwargs)
           ^^^^^^^^^^^^^^^^^^^^^^^^^^^^^^^^^^^^^^^
env\Lib\site-packages\rest_framework\views.py:515: in dispatch
    response = self.handle_exception(exc)
               ^^^^^^^^^^^^^^^^^^^^^^^^^^
env\Lib\site-packages\rest_framework\views.py:475: in handle_exception
    self.raise_uncaught_exception(exc)
env\Lib\site-packages\rest_framework\views.py:486: in raise_uncaught_exception
    raise exc
env\Lib\site-packages\rest_framework\views.py:512: in dispatch
    response = handler(request, *args, **kwargs)
               ^^^^^^^^^^^^^^^^^^^^^^^^^^^^^^^^^
ord\views.py:30: in post
    order = order_service.create_order(
..\..\..\..\AppData\Local\Programs\Python\Python311\Lib\contextlib.py:81: in inner
    return func(*args, **kwds)
           ^^^^^^^^^^^^^^^^^^^
ord\services.py:52: in create_order
    reserve_response = self.b2b.reserve_inventory(idempotency_key, uuid.uuid4(), reserve_payload) # order_id генерируем временно, или передадим после создания
                       ^^^^^^^^^^^^^^^^^^^^^^^^^^^^^^^^^^^^^^^^^^^^^^^^^^^^^^^^^^^^^^^^^^^^^^^^^^
app\services.py:216: in reserve_inventory
    return self._call_b2b(url, params={}, data=data, method='POST')
           ^^^^^^^^^^^^^^^^^^^^^^^^^^^^^^^^^^^^^^^^^^^^^^^^^^^^^^^^
app\services.py:33: in _call_b2b
    response.raise_for_status()
_ _ _ _ _ _ _ _ _ _ _ _ _ _ _ _ _ _ _ _ _ _ _ _ _ _ _ _ _ _ _ _ _ _ _ _ _ _ _ _

self = &lt;Response [404]&gt;

    def raise_for_status(self) -&gt; None:
        """Raises :class:`HTTPError`, if one occurred."""
    
        http_error_msg = ""
        if isinstance(self.reason, bytes):
            # We attempt to decode utf-8 first because some servers
            # choose to localize their reason strings. If the string
            # isn't utf-8, we fall back to iso-8859-1 for all other
            # encodings. (See PR #3538)
            try:
                reason = self.reason.decode("utf-8")
            except UnicodeDecodeError:
                reason = self.reason.decode("iso-8859-1")
        else:
            reason = self.reason
    
        if 400 &lt;= self.status_code &lt; 500:
            http_error_msg = (
                f"{self.status_code} Client Error: {reason} for url: {self.url}"
            )
    
        elif 500 &lt;= self.status_code &lt; 600:
            http_error_msg = (
                f"{self.status_code} Server Error: {reason} for url: {self.url}"
            )
    
        if http_error_msg:
&gt;           raise HTTPError(http_error_msg, response=self)
E           requests.exceptions.HTTPError: 404 Client Error: Internal Server Error for url: https://api.example.com/data

env\Lib\site-packages\requests\models.py:1167: HTTPError</failure><system-out>--------------------------------- Captured Log ---------------------------------
ERROR    django.request:log.py:253 Internal Server Error: /api/v1/orders/
Traceback (most recent call last):
  File "C:\Users\user\Documents\GitHub\NeoMarketProektOtTochkiB2C\NeoMarketProektOtTochkiB2C\env\Lib\site-packages\django\core\handlers\exception.py", line 55, in inner
    response = get_response(request)
               ^^^^^^^^^^^^^^^^^^^^^
  File "C:\Users\user\Documents\GitHub\NeoMarketProektOtTochkiB2C\NeoMarketProektOtTochkiB2C\env\Lib\site-packages\django\core\handlers\base.py", line 197, in _get_response
    response = wrapped_callback(request, *callback_args, **callback_kwargs)
               ^^^^^^^^^^^^^^^^^^^^^^^^^^^^^^^^^^^^^^^^^^^^^^^^^^^^^^^^^^^^
  File "C:\Users\user\Documents\GitHub\NeoMarketProektOtTochkiB2C\NeoMarketProektOtTochkiB2C\env\Lib\site-packages\django\views\decorators\csrf.py", line 65, in _view_wrapper
    return view_func(request, *args, **kwargs)
           ^^^^^^^^^^^^^^^^^^^^^^^^^^^^^^^^^^^
  File "C:\Users\user\Documents\GitHub\NeoMarketProektOtTochkiB2C\NeoMarketProektOtTochkiB2C\env\Lib\site-packages\django\views\generic\base.py", line 105, in view
    return self.dispatch(request, *args, **kwargs)
           ^^^^^^^^^^^^^^^^^^^^^^^^^^^^^^^^^^^^^^^
  File "C:\Users\user\Documents\GitHub\NeoMarketProektOtTochkiB2C\NeoMarketProektOtTochkiB2C\env\Lib\site-packages\rest_framework\views.py", line 515, in dispatch
    response = self.handle_exception(exc)
               ^^^^^^^^^^^^^^^^^^^^^^^^^^
  File "C:\Users\user\Documents\GitHub\NeoMarketProektOtTochkiB2C\NeoMarketProektOtTochkiB2C\env\Lib\site-packages\rest_framework\views.py", line 475, in handle_exception
    self.raise_uncaught_exception(exc)
  File "C:\Users\user\Documents\GitHub\NeoMarketProektOtTochkiB2C\NeoMarketProektOtTochkiB2C\env\Lib\site-packages\rest_framework\views.py", line 486, in raise_uncaught_exception
    raise exc
  File "C:\Users\user\Documents\GitHub\NeoMarketProektOtTochkiB2C\NeoMarketProektOtTochkiB2C\env\Lib\site-packages\rest_framework\views.py", line 512, in dispatch
    response = handler(request, *args, **kwargs)
               ^^^^^^^^^^^^^^^^^^^^^^^^^^^^^^^^^
  File "C:\Users\user\Documents\GitHub\NeoMarketProektOtTochkiB2C\NeoMarketProektOtTochkiB2C\ord\views.py", line 30, in post
    order = order_service.create_order(
            ^^^^^^^^^^^^^^^^^^^^^^^^^^^
  File "C:\Users\user\AppData\Local\Programs\Python\Python311\Lib\contextlib.py", line 81, in inner
    return func(*args, **kwds)
           ^^^^^^^^^^^^^^^^^^^
  File "C:\Users\user\Documents\GitHub\NeoMarketProektOtTochkiB2C\NeoMarketProektOtTochkiB2C\ord\services.py", line 52, in create_order
    reserve_response = self.b2b.reserve_inventory(idempotency_key, uuid.uuid4(), reserve_payload) # order_id генерируем временно, или передадим после создания
                       ^^^^^^^^^^^^^^^^^^^^^^^^^^^^^^^^^^^^^^^^^^^^^^^^^^^^^^^^^^^^^^^^^^^^^^^^^^
  File "C:\Users\user\Documents\GitHub\NeoMarketProektOtTochkiB2C\NeoMarketProektOtTochkiB2C\app\services.py", line 216, in reserve_inventory
    return self._call_b2b(url, params={}, data=data, method='POST')
           ^^^^^^^^^^^^^^^^^^^^^^^^^^^^^^^^^^^^^^^^^^^^^^^^^^^^^^^^
  File "C:\Users\user\Documents\GitHub\NeoMarketProektOtTochkiB2C\NeoMarketProektOtTochkiB2C\app\services.py", line 33, in _call_b2b
    response.raise_for_status()
  File "C:\Users\user\Documents\GitHub\NeoMarketProektOtTochkiB2C\NeoMarketProektOtTochkiB2C\env\Lib\site-packages\requests\models.py", line 1167, in raise_for_status
    raise HTTPError(http_error_msg, response=self)
requests.exceptions.HTTPError: 404 Client Error: Internal Server Error for url: https://api.example.com/data
--------------------------------- Captured Out ---------------------------------

</system-out><system-err>--------------------------------- Captured Err ---------------------------------

</system-err></testcase><testcase classname="ord.tests.OrderCheckoutTests" name="test_checkout_creates_paid_order_with_fixed_prices" file="ord\tests.py" line="28" time="0.433"><system-out>--------------------------------- Captured Log ---------------------------------

--------------------------------- Captured Out ---------------------------------

</system-out><system-err>--------------------------------- Captured Err ---------------------------------

</system-err></testcase><testcase classname="ord.tests.OrderCheckoutTests" name="test_idempotency_returns_existing_order" file="ord\tests.py" line="56" time="0.417"><system-out>--------------------------------- Captured Log ---------------------------------

--------------------------------- Captured Out ---------------------------------

</system-out><system-err>--------------------------------- Captured Err ---------------------------------

</system-err></testcase><testcase classname="ord.tests.OrderCheckoutTests" name="test_partial_reserve_failure_returns_409" file="ord\tests.py" line="43" time="0.413"><system-out>--------------------------------- Captured Log ---------------------------------
WARNING  django.request:log.py:253 Conflict: /api/v1/orders/
--------------------------------- Captured Out ---------------------------------

</system-out><system-err>--------------------------------- Captured Err ---------------------------------

</system-err></testcase></testsuite></testsuites>